# JRE version: OpenJDK Runtime Environment Corretto-17.0.14.7.1 (17.0.14+7) (build 17.0.14+7-LTS)
# Java VM: OpenJDK 64-Bit Server VM Corretto-17.0.14.7.1 (17.0.14+7-LTS, mixed mode, sharing, tiered, compressed oops, compressed class ptrs, g1 gc, windows-amd64)
GC Precious Log:
 CPUs: 8 total, 8 available
 Memory: 7958M
 Large Page Support: Disabled
 NUMA Support: Disabled
 Compressed Oops: Enabled (32-bit)
 Heap Region Size: 1M
 Heap Min Capacity: 8M
 Heap Initial Capacity: 126M
 Heap Max Capacity: 1990M
 Pre-touch: Disabled
 Parallel Workers: 8
 Concurrent Workers: 2
 Concurrent Refinement Workers: 8
 Periodic GC: Disabled
Heap:
 garbage-first heap   total 63488K, used 37988K [0x0000000083a00000, 0x0000000100000000)
  region size 1024K, 7 young (7168K), 3 survivors (3072K)
 Metaspace       used 72487K, committed 73088K, reserved 1114112K
  class space    used 9989K, committed 10240K, reserved 1048576K
GC Heap History (20 events):
Event: 10.191 GC heap before
{Heap before GC invocations=10 (full 0):
 garbage-first heap   total 58368K, used 42798K [0x0000000083a00000, 0x0000000100000000)
  region size 1024K, 22 young (22528K), 3 survivors (3072K)
 Metaspace       used 48570K, committed 49024K, reserved 1114112K
  class space    used 6365K, committed 6592K, reserved 1048576K
}
Event: 10.196 GC heap after
{Heap after GC invocations=11 (full 0):
 garbage-first heap   total 58368K, used 26009K [0x0000000083a00000, 0x0000000100000000)
  region size 1024K, 2 young (2048K), 2 survivors (2048K)
 Metaspace       used 48570K, committed 49024K, reserved 1114112K
  class space    used 6365K, committed 6592K, reserved 1048576K
}
Event: 10.829 GC heap before
{Heap before GC invocations=11 (full 0):
 garbage-first heap   total 58368K, used 44441K [0x0000000083a00000, 0x0000000100000000)
  region size 1024K, 20 young (20480K), 2 survivors (2048K)
 Metaspace       used 54228K, committed 54656K, reserved 1114112K
  class space    used 7196K, committed 7424K, reserved 1048576K
}
Event: 10.832 GC heap after
{Heap after GC invocations=12 (full 0):
 garbage-first heap   total 58368K, used 26474K [0x0000000083a00000, 0x0000000100000000)
  region size 1024K, 3 young (3072K), 3 survivors (3072K)
 Metaspace       used 54228K, committed 54656K, reserved 1114112K
  class space    used 7196K, committed 7424K, reserved 1048576K
}
Event: 11.379 GC heap before
{Heap before GC invocations=12 (full 0):
 garbage-first heap   total 58368K, used 43882K [0x0000000083a00000, 0x0000000100000000)
  region size 1024K, 21 young (21504K), 3 survivors (3072K)
 Metaspace       used 57984K, committed 58560K, reserved 1114112K
  class space    used 7797K, committed 8064K, reserved 1048576K
}
Event: 11.383 GC heap after
{Heap after GC invocations=13 (full 0):
 garbage-first heap   total 58368K, used 27150K [0x0000000083a00000, 0x0000000100000000)
  region size 1024K, 2 young (2048K), 2 survivors (2048K)
 Metaspace       used 57984K, committed 58560K, reserved 1114112K
  class space    used 7797K, committed 8064K, reserved 1048576K
}
Event: 11.568 GC heap before
{Heap before GC invocations=13 (full 0):
 garbage-first heap   total 58368K, used 33294K [0x0000000083a00000, 0x0000000100000000)
  region size 1024K, 10 young (10240K), 2 survivors (2048K)
 Metaspace       used 60110K, committed 60608K, reserved 1114112K
  class space    used 8073K, committed 8320K, reserved 1048576K
}
Event: 11.571 GC heap after
{Heap after GC invocations=14 (full 0):
 garbage-first heap   total 58368K, used 27711K [0x0000000083a00000, 0x0000000100000000)
  region size 1024K, 2 young (2048K), 2 survivors (2048K)
 Metaspace       used 60110K, committed 60608K, reserved 1114112K
  class space    used 8073K, committed 8320K, reserved 1048576K
}
Event: 11.760 GC heap before
{Heap before GC invocations=15 (full 0):
 garbage-first heap   total 58368K, used 46143K [0x0000000083a00000, 0x0000000100000000)
  region size 1024K, 20 young (20480K), 2 survivors (2048K)
 Metaspace       used 60929K, committed 61440K, reserved 1114112K
  class space    used 8356K, committed 8576K, reserved 1048576K
}
Event: 11.764 GC heap after
{Heap after GC invocations=16 (full 0):
 garbage-first heap   total 58368K, used 28407K [0x0000000083a00000, 0x0000000100000000)
  region size 1024K, 2 young (2048K), 2 survivors (2048K)
 Metaspace       used 60929K, committed 61440K, reserved 1114112K
  class space    used 8356K, committed 8576K, reserved 1048576K
}
Event: 12.176 GC heap before
{Heap before GC invocations=16 (full 0):
 garbage-first heap   total 58368K, used 45815K [0x0000000083a00000, 0x0000000100000000)
  region size 1024K, 20 young (20480K), 2 survivors (2048K)
 Metaspace       used 63271K, committed 63744K, reserved 1114112K
  class space    used 8680K, committed 8896K, reserved 1048576K
}
Event: 12.180 GC heap after
{Heap after GC invocations=17 (full 0):
 garbage-first heap   total 58368K, used 29310K [0x0000000083a00000, 0x0000000100000000)
  region size 1024K, 3 young (3072K), 3 survivors (3072K)
 Metaspace       used 63271K, committed 63744K, reserved 1114112K
  class space    used 8680K, committed 8896K, reserved 1048576K
}
Event: 12.626 GC heap before
{Heap before GC invocations=18 (full 0):
 garbage-first heap   total 58368K, used 45694K [0x0000000083a00000, 0x0000000100000000)
  region size 1024K, 19 young (19456K), 3 survivors (3072K)
 Metaspace       used 66056K, committed 66560K, reserved 1114112K
  class space    used 9068K, committed 9280K, reserved 1048576K
}
Event: 12.630 GC heap after
{Heap after GC invocations=19 (full 0):
 garbage-first heap   total 58368K, used 30416K [0x0000000083a00000, 0x0000000100000000)
  region size 1024K, 3 young (3072K), 3 survivors (3072K)
 Metaspace       used 66056K, committed 66560K, reserved 1114112K
  class space    used 9068K, committed 9280K, reserved 1048576K
}
Event: 13.137 GC heap before
{Heap before GC invocations=19 (full 0):
 garbage-first heap   total 58368K, used 45776K [0x0000000083a00000, 0x0000000100000000)
  region size 1024K, 19 young (19456K), 3 survivors (3072K)
 Metaspace       used 67863K, committed 68416K, reserved 1114112K
  class space    used 9315K, committed 9600K, reserved 1048576K
}
Event: 13.142 GC heap after
{Heap after GC invocations=20 (full 0):
 garbage-first heap   total 58368K, used 32096K [0x0000000083a00000, 0x0000000100000000)
  region size 1024K, 3 young (3072K), 3 survivors (3072K)
 Metaspace       used 67863K, committed 68416K, reserved 1114112K
  class space    used 9315K, committed 9600K, reserved 1048576K
}
Event: 13.618 GC heap before
{Heap before GC invocations=21 (full 0):
 garbage-first heap   total 60416K, used 46432K [0x0000000083a00000, 0x0000000100000000)
  region size 1024K, 17 young (17408K), 3 survivors (3072K)
 Metaspace       used 69777K, committed 70336K, reserved 1114112K
  class space    used 9591K, committed 9856K, reserved 1048576K
}
Event: 13.622 GC heap after
{Heap after GC invocations=22 (full 0):
 garbage-first heap   total 60416K, used 33447K [0x0000000083a00000, 0x0000000100000000)
  region size 1024K, 2 young (2048K), 2 survivors (2048K)
 Metaspace       used 69777K, committed 70336K, reserved 1114112K
  class space    used 9591K, committed 9856K, reserved 1048576K
}
Event: 14.225 GC heap before
{Heap before GC invocations=22 (full 0):
 garbage-first heap   total 60416K, used 48807K [0x0000000083a00000, 0x0000000100000000)
  region size 1024K, 17 young (17408K), 2 survivors (2048K)
 Metaspace       used 71957K, committed 72576K, reserved 1114112K
  class space    used 9915K, committed 10240K, reserved 1048576K
}
Event: 14.229 GC heap after
{Heap after GC invocations=23 (full 0):
 garbage-first heap   total 60416K, used 34916K [0x0000000083a00000, 0x0000000100000000)
  region size 1024K, 3 young (3072K), 3 survivors (3072K)
 Metaspace       used 71957K, committed 72576K, reserved 1114112K
  class space    used 9915K, committed 10240K, reserved 1048576K
}

